<?xml version="1.0" encoding="UTF-8"?>
<!-- Generated by org.testng.reporters.JUnitReportReporter -->
<testsuite skipped="0" hostname="SIRI" name="com.crm.qa.testcases.LoginPageTest" tests="2" failures="0" timestamp="17 Nov 2019 13:04:39 GMT" time="32.598" errors="0">
  <testcase name="loginPageTitleTest" time="16.328" classname="com.crm.qa.testcases.LoginPageTest"/>
  <testcase name="loginTest" time="16.270" classname="com.crm.qa.testcases.LoginPageTest"/>
</testsuite> <!-- com.crm.qa.testcases.LoginPageTest -->
