<?xml version="1.0" encoding="UTF-8"?>
<!-- Generated by org.testng.reporters.JUnitReportReporter -->
<testsuite skipped="0" hostname="SIRI" name="com.crm.qa.testcases.MainPageTest" tests="3" failures="0" timestamp="17 Nov 2019 13:04:39 GMT" time="45.516" errors="0">
  <testcase name="mainPageTitleTest" time="13.561" classname="com.crm.qa.testcases.MainPageTest"/>
  <testcase name="loginTest" time="16.301" classname="com.crm.qa.testcases.MainPageTest"/>
  <testcase name="signupTest" time="15.654" classname="com.crm.qa.testcases.MainPageTest"/>
</testsuite> <!-- com.crm.qa.testcases.MainPageTest -->
