<?xml version="1.0" encoding="UTF-8"?>
<!-- Generated by org.testng.reporters.JUnitReportReporter -->
<testsuite skipped="2" hostname="SIRI" name="com.crm.qa.testcases.ContactsPageTest" tests="6" failures="0" timestamp="17 Nov 2019 17:13:39 GMT" time="111.294" errors="0">
  <testcase name="validteNewContactsTest" time="27.922" classname="com.crm.qa.testcases.ContactsPageTest"/>
  <testcase name="validteNewContactsTest" time="27.103" classname="com.crm.qa.testcases.ContactsPageTest"/>
  <testcase name="validteNewContactsTest" time="27.524" classname="com.crm.qa.testcases.ContactsPageTest"/>
  <testcase name="validteNewContactsTest" time="28.745" classname="com.crm.qa.testcases.ContactsPageTest"/>
  <testcase name="selectContactTest" classname="com.crm.qa.testcases.ContactsPageTest">
    <skipped/>
  </testcase> <!-- selectContactTest -->
  <testcase name="verifyLableTest" classname="com.crm.qa.testcases.ContactsPageTest">
    <skipped/>
  </testcase> <!-- verifyLableTest -->
</testsuite> <!-- com.crm.qa.testcases.ContactsPageTest -->
