<?xml version="1.0" encoding="UTF-8"?>
<!-- Generated by org.testng.reporters.JUnitReportReporter -->
<testsuite skipped="0" hostname="SIRI" name="com.crm.qa.testcases.HomePageTest" tests="5" failures="0" timestamp="17 Nov 2019 13:04:39 GMT" time="105.077" errors="0">
  <testcase name="nameLableDisplayedTest" time="19.567" classname="com.crm.qa.testcases.HomePageTest"/>
  <testcase name="homePageTitleTest" time="20.003" classname="com.crm.qa.testcases.HomePageTest"/>
  <testcase name="verifyContactsLinkTest" time="22.117" classname="com.crm.qa.testcases.HomePageTest"/>
  <testcase name="verifyDealsLinkTest" time="22.247" classname="com.crm.qa.testcases.HomePageTest"/>
  <testcase name="verifyTasksLinkTest" time="21.143" classname="com.crm.qa.testcases.HomePageTest"/>
</testsuite> <!-- com.crm.qa.testcases.HomePageTest -->
