<?xml version="1.0" encoding="UTF-8"?>
<!-- Generated by org.testng.reporters.JUnitReportReporter -->
<testsuite skipped="0" hostname="SIRI" name="com.crm.qa.testcases.HomePageTest" tests="5" failures="0" timestamp="18 Nov 2019 09:31:05 GMT" time="98.017" errors="0">
  <testcase name="nameLableDisplayedTest" time="19.093" classname="com.crm.qa.testcases.HomePageTest"/>
  <testcase name="homePageTitleTest" time="16.691" classname="com.crm.qa.testcases.HomePageTest"/>
  <testcase name="verifyContactsLinkTest" time="19.184" classname="com.crm.qa.testcases.HomePageTest"/>
  <testcase name="verifyDealsLinkTest" time="22.888" classname="com.crm.qa.testcases.HomePageTest"/>
  <testcase name="verifyTasksLinkTest" time="20.161" classname="com.crm.qa.testcases.HomePageTest"/>
</testsuite> <!-- com.crm.qa.testcases.HomePageTest -->
