<?xml version="1.0" encoding="UTF-8"?>
<!-- Generated by org.testng.reporters.JUnitReportReporter -->
<testsuite skipped="0" hostname="SIRI" name="com.crm.qa.testcases.MainPageTest" tests="3" failures="0" timestamp="18 Nov 2019 09:31:05 GMT" time="44.605" errors="0">
  <testcase name="mainPageTitleTest" time="13.454" classname="com.crm.qa.testcases.MainPageTest"/>
  <testcase name="loginTest" time="15.630" classname="com.crm.qa.testcases.MainPageTest"/>
  <testcase name="signupTest" time="15.521" classname="com.crm.qa.testcases.MainPageTest"/>
</testsuite> <!-- com.crm.qa.testcases.MainPageTest -->
