<?xml version="1.0" encoding="UTF-8"?>
<!-- Generated by org.testng.reporters.JUnitReportReporter -->
<testsuite skipped="0" hostname="SIRI" name="com.crm.qa.testcases.LoginPageTest" tests="2" failures="0" timestamp="18 Nov 2019 09:31:05 GMT" time="32.382" errors="0">
  <testcase name="loginPageTitleTest" time="15.998" classname="com.crm.qa.testcases.LoginPageTest"/>
  <testcase name="loginTest" time="16.384" classname="com.crm.qa.testcases.LoginPageTest"/>
</testsuite> <!-- com.crm.qa.testcases.LoginPageTest -->
