<?xml version="1.0" encoding="UTF-8"?>
<!-- Generated by org.testng.reporters.JUnitReportReporter -->
<testsuite skipped="2" hostname="SIRI" name="com.crm.qa.testcases.ContactsPageTest" tests="6" failures="0" timestamp="18 Nov 2019 09:31:05 GMT" time="98.203" errors="0">
  <testcase name="validteNewContactsTest" time="24.276" classname="com.crm.qa.testcases.ContactsPageTest"/>
  <testcase name="validteNewContactsTest" time="25.271" classname="com.crm.qa.testcases.ContactsPageTest"/>
  <testcase name="validteNewContactsTest" time="23.597" classname="com.crm.qa.testcases.ContactsPageTest"/>
  <testcase name="validteNewContactsTest" time="25.059" classname="com.crm.qa.testcases.ContactsPageTest"/>
  <testcase name="selectContactTest" classname="com.crm.qa.testcases.ContactsPageTest">
    <skipped/>
  </testcase> <!-- selectContactTest -->
  <testcase name="verifyLableTest" classname="com.crm.qa.testcases.ContactsPageTest">
    <skipped/>
  </testcase> <!-- verifyLableTest -->
</testsuite> <!-- com.crm.qa.testcases.ContactsPageTest -->
